<?xml version="1.0" encoding="UTF-8"?>
<testng-results ignored="0" total="1" passed="0" failed="1" skipped="0">
  <reporter-output>
  </reporter-output>
  <suite started-at="2024-11-27T15:45:37 IST" name="Default suite" finished-at="2024-11-27T15:45:44 IST" duration-ms="6763">
    <groups>
      <group name="Func">
        <method signature="DQAHomeTest.valiate_ClickOn_element()[pri:1, instance:mainDqaTestScript.DQAHomeTest@3e694b3f]" name="valiate_ClickOn_element" class="mainDqaTestScript.DQAHomeTest"/>
      </group> <!-- Func -->
      <group name="Non_Func">
        <method signature="DQAHomeTest.valiate_ClickOn_element()[pri:1, instance:mainDqaTestScript.DQAHomeTest@3e694b3f]" name="valiate_ClickOn_element" class="mainDqaTestScript.DQAHomeTest"/>
      </group> <!-- Non_Func -->
      <group name="Skip">
        <method signature="DQAHomeTest.valiate_ClickOn_element()[pri:1, instance:mainDqaTestScript.DQAHomeTest@3e694b3f]" name="valiate_ClickOn_element" class="mainDqaTestScript.DQAHomeTest"/>
      </group> <!-- Skip -->
      <group name="Regression">
        <method signature="DQAHomeTest.valiate_ClickOn_element()[pri:1, instance:mainDqaTestScript.DQAHomeTest@3e694b3f]" name="valiate_ClickOn_element" class="mainDqaTestScript.DQAHomeTest"/>
      </group> <!-- Regression -->
    </groups>
    <test started-at="2024-11-27T15:45:37 IST" name="Default test" finished-at="2024-11-27T15:45:44 IST" duration-ms="6763">
      <class name="mainDqaTestScript.DQAHomeTest">
        <test-method is-config="true" signature="lanuchInstance()[pri:0, instance:mainDqaTestScript.DQAHomeTest@3e694b3f]" started-at="2024-11-27T15:45:37 IST" name="lanuchInstance" finished-at="2024-11-27T15:45:44 IST" duration-ms="6485" status="PASS">
          <reporter-output>
          </reporter-output>
        </test-method> <!-- lanuchInstance -->
        <test-method signature="valiate_ClickOn_element()[pri:1, instance:mainDqaTestScript.DQAHomeTest@3e694b3f]" started-at="2024-11-27T15:45:44 IST" name="valiate_ClickOn_element" finished-at="2024-11-27T15:45:44 IST" duration-ms="4" status="FAIL">
          <exception class="java.lang.NullPointerException">
            <message>
              <![CDATA[Cannot invoke "org.openqa.selenium.interactions.Actions.moveToElement(org.openqa.selenium.WebElement)" because "this.act" is null]]>
            </message>
            <full-stacktrace>
              <![CDATA[java.lang.NullPointerException: Cannot invoke "org.openqa.selenium.interactions.Actions.moveToElement(org.openqa.selenium.WebElement)" because "this.act" is null
at superPackage.MasterMethods.masterMovTo(MasterMethods.java:188)
at testActions.TestOperations.clickElements(TestOperations.java:42)
at mainDqaTestScript.DQAHomeTest.valiate_ClickOn_element(DQAHomeTest.java:49)
at java.base/jdk.internal.reflect.NativeMethodAccessorImpl.invoke0(Native Method)
at java.base/jdk.internal.reflect.NativeMethodAccessorImpl.invoke(NativeMethodAccessorImpl.java:77)
at java.base/jdk.internal.reflect.DelegatingMethodAccessorImpl.invoke(DelegatingMethodAccessorImpl.java:43)
at java.base/java.lang.reflect.Method.invoke(Method.java:568)
at org.testng.internal.invokers.MethodInvocationHelper.invokeMethod(MethodInvocationHelper.java:139)
at org.testng.internal.invokers.TestInvoker.invokeMethod(TestInvoker.java:664)
at org.testng.internal.invokers.TestInvoker.invokeTestMethod(TestInvoker.java:227)
at org.testng.internal.invokers.MethodRunner.runInSequence(MethodRunner.java:50)
at org.testng.internal.invokers.TestInvoker$MethodInvocationAgent.invoke(TestInvoker.java:957)
at org.testng.internal.invokers.TestInvoker.invokeTestMethods(TestInvoker.java:200)
at org.testng.internal.invokers.TestMethodWorker.invokeTestMethods(TestMethodWorker.java:148)
at org.testng.internal.invokers.TestMethodWorker.run(TestMethodWorker.java:128)
at java.base/java.util.ArrayList.forEach(ArrayList.java:1511)
at org.testng.TestRunner.privateRun(TestRunner.java:848)
at org.testng.TestRunner.run(TestRunner.java:621)
at org.testng.SuiteRunner.runTest(SuiteRunner.java:443)
at org.testng.SuiteRunner.runSequentially(SuiteRunner.java:437)
at org.testng.SuiteRunner.privateRun(SuiteRunner.java:397)
at org.testng.SuiteRunner.run(SuiteRunner.java:336)
at org.testng.SuiteRunnerWorker.runSuite(SuiteRunnerWorker.java:52)
at org.testng.SuiteRunnerWorker.run(SuiteRunnerWorker.java:95)
at org.testng.TestNG.runSuitesSequentially(TestNG.java:1280)
at org.testng.TestNG.runSuitesLocally(TestNG.java:1200)
at org.testng.TestNG.runSuites(TestNG.java:1114)
at org.testng.TestNG.run(TestNG.java:1082)
at org.testng.remote.AbstractRemoteTestNG.run(AbstractRemoteTestNG.java:115)
at org.testng.remote.RemoteTestNG.initAndRun(RemoteTestNG.java:251)
at org.testng.remote.RemoteTestNG.main(RemoteTestNG.java:77)
]]>
            </full-stacktrace>
          </exception> <!-- java.lang.NullPointerException -->
          <reporter-output>
          </reporter-output>
        </test-method> <!-- valiate_ClickOn_element -->
        <test-method is-config="true" signature="closeInstance()[pri:0, instance:mainDqaTestScript.DQAHomeTest@3e694b3f]" started-at="2024-11-27T15:45:44 IST" name="closeInstance" finished-at="2024-11-27T15:45:44 IST" duration-ms="231" status="PASS">
          <reporter-output>
          </reporter-output>
        </test-method> <!-- closeInstance -->
      </class> <!-- mainDqaTestScript.DQAHomeTest -->
    </test> <!-- Default test -->
  </suite> <!-- Default suite -->
</testng-results>
