<?xml version="1.0" encoding="UTF-8"?>
<!-- Generated by org.testng.reporters.JUnitXMLReporter -->
<testsuite ignored="2" failures="0" tests="1" name="Default test" time="24.7" errors="0" timestamp="2024-11-28T16:50:22 IST">
  <testcase classname="d_TestScriptsSuit.TendableHomeTest" name="test_validateBookDemoFuncOnAllPages" time="17.471"/>
  <testcase classname="d_TestScriptsSuit.TendableHomeTest" name="test_ValidateContactUsFunctionality" time="0.0">
    <ignored/>
  </testcase> <!-- test_ValidateContactUsFunctionality -->
  <testcase classname="d_TestScriptsSuit.TendableHomeTest" name="test_VerifyHomePageMenuOptionsAccessiblity" time="0.0">
    <ignored/>
  </testcase> <!-- test_VerifyHomePageMenuOptionsAccessiblity -->
</testsuite> <!-- Default test -->
